<?xml version="1.0" encoding="UTF-8"?>
<!-- Generated by org.testng.reporters.JUnitXMLReporter -->
<testsuite ignored="0" hostname="DESKTOP-JE9AC2C" failures="0" tests="3" name="Default test" time="19.517" errors="0" timestamp="2024-07-11T09:42:47 PDT">
  <testcase classname="com.qa.orangehrm.testcases.PunchInOut" name="loginTest" time="2.368"/>
  <testcase classname="com.qa.orangehrm.testcases.PunchInOut" name="time" time="4.506"/>
  <testcase classname="com.qa.orangehrm.testcases.PunchInOut" name="tout" time="3.94"/>
</testsuite> <!-- Default test -->
